
Chromatic CLI v7.6.0
https://www.chromatic.com/docs/cli

Authenticating with Chromatic
    → Connecting to https://index.chromatic.com
Authenticated with Chromatic
    → Using project token '****************ef46'
Retrieving git information
Failed to retrieve slug {"shortMessage":"Command failed with exit code 1: git config --get remote.origin.url","command":"git config --get remote.origin.url","escapedCommand":"git config --get remote.origin.url","exitCode":1,"stdout":"","stderr":"","cwd":"/home/peng/few","all":"","failed":true,"timedOut":false,"isCanceled":false,"killed":false}
Retrieved git information
    → Commit '210c252' on branch 'main'; found 1 parent build
Collecting Storybook metadata
Collected Storybook metadata
    → ; no supported addons found
Initializing build
Initialized build
    → Build 4 initialized
Publish your built Storybook
    → Validating Storybook files
Publishing your built Storybook
    → Retrieving target location
    → Starting publish
    → [                    ] 0%
    → [                    ] 1%
    → [=                   ] 4%
    → [=                   ] 5%
    → [=                   ] 6%
    → [=                   ] 7%
    → [==                  ] 8%
    → [==                  ] 10%
    → [==                  ] 11%
    → [==                  ] 12%
    → [===                 ] 13%
    → [===                 ] 15%
    → [===                 ] 16%
    → [===                 ] 17%
    → [====                ] 18%
    → [====                ] 19%
    → [====                ] 20%
    → [====                ] 22%
    → [=====               ] 23%
    → [=====               ] 24%
    → [=====               ] 27%
    → [======              ] 29%
    → [======              ] 30%
    → [======              ] 32%
    → [=======             ] 33%
    → [=======             ] 34%
    → [=======             ] 35%
    → [=======             ] 37%
    → [========            ] 38%
    → [========            ] 39%
    → [========            ] 40%
    → [========            ] 41%
    → [=========           ] 43%
    → [=========           ] 44%
    → [=========           ] 45%
    → [=========           ] 46%
    → [==========          ] 48%
    → [==========          ] 49%
    → [==========          ] 50%
    → [==========          ] 51%
    → [==========          ] 52%
    → [===========         ] 53%
    → [===========         ] 54%
    → [===========         ] 55%
    → [===========         ] 56%
    → [===========         ] 57%
    → [============        ] 58%
    → [============        ] 59%
    → [============        ] 60%
    → [============        ] 61%
    → [=============       ] 64%
    → [==============      ] 68%
    → [==============      ] 70%
    → [==============      ] 71%
    → [==============      ] 72%
    → [===============     ] 73%
    → [===============     ] 74%
    → [===============     ] 75%
    → [===============     ] 76%
    → [================    ] 79%
    → [================    ] 80%
    → [================    ] 82%
    → [=================   ] 83%
    → [=================   ] 84%
    → [=================   ] 85%
    → [=================   ] 86%
    → [==================  ] 88%
    → [==================  ] 89%
    → [==================  ] 91%
    → [=================== ] 95%
    → [=================== ] 96%
    → [=================== ] 97%
    → [====================] 98%
    → [====================] 99%
    → [====================] 100%
Publish complete in 40 seconds
    → View your Storybook at https://65420a1fe60a7f4985c0ae88-mktoidptrh.chromatic.com
Verifying your Storybook
    → This may take a few minutes
Started build 4
    → View build details at https://www.chromatic.com/build?appId=65420a1fe60a7f4985c0ae88&number=4
Running 13 tests
    → This may take a few minutes
    → [==                  ] 1/13  Backdrop › Backdrop Overview 
    → [===                 ] 2/13  Button › Overview 
    → [=====               ] 3/13  Button › Filled Button 
    → [=========           ] 6/13  Button › default Button 
    → [===========         ] 7/13  Checkbox › Overview 
    → [============        ] 8/13  Checkbox › Checkbox (with Controls) 
    → [===============     ] 10/13  Modal › Simple Modal 
✔ Build 4 passed!
No visual changes were found in this build.
ℹ View build details at https://www.chromatic.com/build?appId=65420a1fe60a7f4985c0ae88&number=4
Build 4 passed!
    → Tested 13 stories across 6 components; captured 13 snapshots in 1 minute 3 seconds


